0 info it worked if it ends with ok
1 verbose cli [ '/usr/bin/nodejs', '/usr/bin/npm', 'install', '-g', 'gulp-sass' ]
2 info using npm@1.3.10
3 info using node@v0.10.25
4 verbose cache add [ 'gulp-sass', null ]
5 verbose cache add name=undefined spec="gulp-sass" args=["gulp-sass",null]
6 verbose parsed url { protocol: null,
6 verbose parsed url   slashes: null,
6 verbose parsed url   auth: null,
6 verbose parsed url   host: null,
6 verbose parsed url   port: null,
6 verbose parsed url   hostname: null,
6 verbose parsed url   hash: null,
6 verbose parsed url   search: null,
6 verbose parsed url   query: null,
6 verbose parsed url   pathname: 'gulp-sass',
6 verbose parsed url   path: 'gulp-sass',
6 verbose parsed url   href: 'gulp-sass' }
7 silly lockFile 993318e6-gulp-sass gulp-sass
8 verbose lock gulp-sass /home/klante/.npm/993318e6-gulp-sass.lock
9 silly lockFile 993318e6-gulp-sass gulp-sass
10 silly lockFile 993318e6-gulp-sass gulp-sass
11 verbose addNamed [ 'gulp-sass', '' ]
12 verbose addNamed [ null, '*' ]
13 silly lockFile 59b5e58d-gulp-sass gulp-sass@
14 verbose lock gulp-sass@ /home/klante/.npm/59b5e58d-gulp-sass.lock
15 silly addNameRange { name: 'gulp-sass', range: '*', hasData: false }
16 verbose url raw gulp-sass
17 verbose url resolving [ 'https://registry.npmjs.org/', './gulp-sass' ]
18 verbose url resolved https://registry.npmjs.org/gulp-sass
19 info trying registry request attempt 1 at 20:10:32
20 verbose etag "8RIHK69YX30MEXK296AUYJ800"
21 http GET https://registry.npmjs.org/gulp-sass
22 http 200 https://registry.npmjs.org/gulp-sass
23 silly registry.get cb [ 200,
23 silly registry.get   { date: 'Sun, 22 Feb 2015 19:10:33 GMT',
23 silly registry.get     server: 'CouchDB/1.5.0 (Erlang OTP/R16B03)',
23 silly registry.get     etag: '"8LK097HTTNPBZO0J0POV20NDE"',
23 silly registry.get     'content-type': 'application/json',
23 silly registry.get     'cache-control': 'max-age=60',
23 silly registry.get     'content-length': '32080',
23 silly registry.get     'accept-ranges': 'bytes',
23 silly registry.get     via: '1.1 varnish',
23 silly registry.get     age: '23',
23 silly registry.get     'x-served-by': 'cache-fra1239-FRA',
23 silly registry.get     'x-cache': 'HIT',
23 silly registry.get     'x-cache-hits': '1',
23 silly registry.get     'x-timer': 'S1424632233.045244,VS0,VE0',
23 silly registry.get     vary: 'Accept',
23 silly registry.get     'keep-alive': 'timeout=10, max=50',
23 silly registry.get     connection: 'Keep-Alive' } ]
24 silly addNameRange number 2 { name: 'gulp-sass', range: '*', hasData: true }
25 silly addNameRange versions [ 'gulp-sass',
25 silly addNameRange   [ '0.1.0',
25 silly addNameRange     '0.2.1',
25 silly addNameRange     '0.2.2',
25 silly addNameRange     '0.2.3',
25 silly addNameRange     '0.3.0',
25 silly addNameRange     '0.4.0',
25 silly addNameRange     '0.4.1',
25 silly addNameRange     '0.5.0',
25 silly addNameRange     '0.5.1',
25 silly addNameRange     '0.5.2',
25 silly addNameRange     '0.6.0',
25 silly addNameRange     '0.7.0',
25 silly addNameRange     '0.7.1',
25 silly addNameRange     '0.7.2',
25 silly addNameRange     '0.7.3',
25 silly addNameRange     '1.0.0',
25 silly addNameRange     '1.1.0',
25 silly addNameRange     '1.2.0',
25 silly addNameRange     '1.2.1',
25 silly addNameRange     '1.2.2',
25 silly addNameRange     '1.2.3',
25 silly addNameRange     '1.2.4',
25 silly addNameRange     '1.3.0',
25 silly addNameRange     '1.3.1',
25 silly addNameRange     '1.3.2',
25 silly addNameRange     '1.3.3' ] ]
26 verbose addNamed [ 'gulp-sass', '1.3.3' ]
27 verbose addNamed [ '1.3.3', '1.3.3' ]
28 silly lockFile bd3023a4-gulp-sass-1-3-3 gulp-sass@1.3.3
29 verbose lock gulp-sass@1.3.3 /home/klante/.npm/bd3023a4-gulp-sass-1-3-3.lock
30 silly lockFile 9876ba90-rg-gulp-sass-gulp-sass-1-3-3-tgz https://registry.npmjs.org/gulp-sass/-/gulp-sass-1.3.3.tgz
31 verbose lock https://registry.npmjs.org/gulp-sass/-/gulp-sass-1.3.3.tgz /home/klante/.npm/9876ba90-rg-gulp-sass-gulp-sass-1-3-3-tgz.lock
32 verbose addRemoteTarball [ 'https://registry.npmjs.org/gulp-sass/-/gulp-sass-1.3.3.tgz',
32 verbose addRemoteTarball   '66da87646bbfd299988c8ebbe94cefaff50e5662' ]
33 info retry fetch attempt 1 at 20:10:33
34 verbose fetch to= /home/klante/tmp/npm-16007-8o3-OKKN/1424632233078-0.7197483275085688/tmp.tgz
35 http GET https://registry.npmjs.org/gulp-sass/-/gulp-sass-1.3.3.tgz
36 http 200 https://registry.npmjs.org/gulp-sass/-/gulp-sass-1.3.3.tgz
37 verbose tar unpack /home/klante/tmp/npm-16007-8o3-OKKN/1424632233078-0.7197483275085688/tmp.tgz
38 silly lockFile 8c4a4914-33078-0-7197483275085688-package tar:///home/klante/tmp/npm-16007-8o3-OKKN/1424632233078-0.7197483275085688/package
39 verbose lock tar:///home/klante/tmp/npm-16007-8o3-OKKN/1424632233078-0.7197483275085688/package /home/klante/.npm/8c4a4914-33078-0-7197483275085688-package.lock
40 silly lockFile c9f5c576-33078-0-7197483275085688-tmp-tgz tar:///home/klante/tmp/npm-16007-8o3-OKKN/1424632233078-0.7197483275085688/tmp.tgz
41 verbose lock tar:///home/klante/tmp/npm-16007-8o3-OKKN/1424632233078-0.7197483275085688/tmp.tgz /home/klante/.npm/c9f5c576-33078-0-7197483275085688-tmp-tgz.lock
42 silly gunzTarPerm modes [ '755', '644' ]
43 silly gunzTarPerm extractEntry package.json
44 silly gunzTarPerm extractEntry .npmignore
45 silly gunzTarPerm extractEntry README.md
46 silly gunzTarPerm extractEntry LICENSE
47 silly gunzTarPerm extractEntry index.js
48 silly gunzTarPerm extractEntry .travis.yml
49 silly gunzTarPerm extractEntry CHANGELOG.md
50 silly lockFile 8c4a4914-33078-0-7197483275085688-package tar:///home/klante/tmp/npm-16007-8o3-OKKN/1424632233078-0.7197483275085688/package
51 silly lockFile 8c4a4914-33078-0-7197483275085688-package tar:///home/klante/tmp/npm-16007-8o3-OKKN/1424632233078-0.7197483275085688/package
52 silly lockFile c9f5c576-33078-0-7197483275085688-tmp-tgz tar:///home/klante/tmp/npm-16007-8o3-OKKN/1424632233078-0.7197483275085688/tmp.tgz
53 silly lockFile c9f5c576-33078-0-7197483275085688-tmp-tgz tar:///home/klante/tmp/npm-16007-8o3-OKKN/1424632233078-0.7197483275085688/tmp.tgz
54 verbose tar pack [ '/home/klante/.npm/gulp-sass/1.3.3/package.tgz',
54 verbose tar pack   '/home/klante/tmp/npm-16007-8o3-OKKN/1424632233078-0.7197483275085688/package' ]
55 verbose tarball /home/klante/.npm/gulp-sass/1.3.3/package.tgz
56 verbose folder /home/klante/tmp/npm-16007-8o3-OKKN/1424632233078-0.7197483275085688/package
57 silly lockFile 8c4a4914-33078-0-7197483275085688-package tar:///home/klante/tmp/npm-16007-8o3-OKKN/1424632233078-0.7197483275085688/package
58 verbose lock tar:///home/klante/tmp/npm-16007-8o3-OKKN/1424632233078-0.7197483275085688/package /home/klante/.npm/8c4a4914-33078-0-7197483275085688-package.lock
59 silly lockFile a9e27b67--npm-gulp-sass-1-3-3-package-tgz tar:///home/klante/.npm/gulp-sass/1.3.3/package.tgz
60 verbose lock tar:///home/klante/.npm/gulp-sass/1.3.3/package.tgz /home/klante/.npm/a9e27b67--npm-gulp-sass-1-3-3-package-tgz.lock
61 silly lockFile 8c4a4914-33078-0-7197483275085688-package tar:///home/klante/tmp/npm-16007-8o3-OKKN/1424632233078-0.7197483275085688/package
62 silly lockFile 8c4a4914-33078-0-7197483275085688-package tar:///home/klante/tmp/npm-16007-8o3-OKKN/1424632233078-0.7197483275085688/package
63 silly lockFile a9e27b67--npm-gulp-sass-1-3-3-package-tgz tar:///home/klante/.npm/gulp-sass/1.3.3/package.tgz
64 silly lockFile a9e27b67--npm-gulp-sass-1-3-3-package-tgz tar:///home/klante/.npm/gulp-sass/1.3.3/package.tgz
65 silly lockFile 44cd77f0-ante-npm-gulp-sass-1-3-3-package /home/klante/.npm/gulp-sass/1.3.3/package
66 verbose lock /home/klante/.npm/gulp-sass/1.3.3/package /home/klante/.npm/44cd77f0-ante-npm-gulp-sass-1-3-3-package.lock
67 silly lockFile 44cd77f0-ante-npm-gulp-sass-1-3-3-package /home/klante/.npm/gulp-sass/1.3.3/package
68 silly lockFile 44cd77f0-ante-npm-gulp-sass-1-3-3-package /home/klante/.npm/gulp-sass/1.3.3/package
69 verbose tar unpack /home/klante/.npm/gulp-sass/1.3.3/package.tgz
70 silly lockFile 0e793f16-ante-npm-gulp-sass-1-3-3-package tar:///home/klante/.npm/gulp-sass/1.3.3/package
71 verbose lock tar:///home/klante/.npm/gulp-sass/1.3.3/package /home/klante/.npm/0e793f16-ante-npm-gulp-sass-1-3-3-package.lock
72 silly lockFile a9e27b67--npm-gulp-sass-1-3-3-package-tgz tar:///home/klante/.npm/gulp-sass/1.3.3/package.tgz
73 verbose lock tar:///home/klante/.npm/gulp-sass/1.3.3/package.tgz /home/klante/.npm/a9e27b67--npm-gulp-sass-1-3-3-package-tgz.lock
74 silly gunzTarPerm modes [ '755', '644' ]
75 silly gunzTarPerm extractEntry package.json
76 silly gunzTarPerm extractEntry .npmignore
77 silly gunzTarPerm extractEntry README.md
78 silly gunzTarPerm extractEntry LICENSE
79 silly gunzTarPerm extractEntry index.js
80 silly gunzTarPerm extractEntry .travis.yml
81 silly gunzTarPerm extractEntry CHANGELOG.md
82 silly lockFile 0e793f16-ante-npm-gulp-sass-1-3-3-package tar:///home/klante/.npm/gulp-sass/1.3.3/package
83 silly lockFile 0e793f16-ante-npm-gulp-sass-1-3-3-package tar:///home/klante/.npm/gulp-sass/1.3.3/package
84 silly lockFile a9e27b67--npm-gulp-sass-1-3-3-package-tgz tar:///home/klante/.npm/gulp-sass/1.3.3/package.tgz
85 silly lockFile a9e27b67--npm-gulp-sass-1-3-3-package-tgz tar:///home/klante/.npm/gulp-sass/1.3.3/package.tgz
86 verbose chmod /home/klante/.npm/gulp-sass/1.3.3/package.tgz 644
87 verbose chown /home/klante/.npm/gulp-sass/1.3.3/package.tgz [ 1000, 1000 ]
88 silly lockFile 9876ba90-rg-gulp-sass-gulp-sass-1-3-3-tgz https://registry.npmjs.org/gulp-sass/-/gulp-sass-1.3.3.tgz
89 silly lockFile 9876ba90-rg-gulp-sass-gulp-sass-1-3-3-tgz https://registry.npmjs.org/gulp-sass/-/gulp-sass-1.3.3.tgz
90 silly lockFile bd3023a4-gulp-sass-1-3-3 gulp-sass@1.3.3
91 silly lockFile bd3023a4-gulp-sass-1-3-3 gulp-sass@1.3.3
92 silly lockFile 59b5e58d-gulp-sass gulp-sass@
93 silly lockFile 59b5e58d-gulp-sass gulp-sass@
94 silly resolved [ { name: 'gulp-sass',
94 silly resolved     version: '1.3.3',
94 silly resolved     description: 'Gulp plugin for sass',
94 silly resolved     main: 'index.js',
94 silly resolved     scripts: { test: 'node test/test.js' },
94 silly resolved     repository: { type: 'git', url: 'git://github.com/dlmanning/gulp-sass' },
94 silly resolved     keywords: [ 'gulpplugin', 'sass', 'gulp' ],
94 silly resolved     author: { name: 'David Manning' },
94 silly resolved     license: 'MIT',
94 silly resolved     bugs: { url: 'https://github.com/dlmanning/gulp-sass/issues' },
94 silly resolved     dependencies:
94 silly resolved      { clone: '~0.1.18',
94 silly resolved        'gulp-util': '^3.0',
94 silly resolved        'map-stream': '~0.1',
94 silly resolved        'node-sass': '^2.0.1',
94 silly resolved        'vinyl-sourcemaps-apply': '~0.1.1' },
94 silly resolved     devDependencies: { tape: '~2.3', 'concat-stream': '~1.4' },
94 silly resolved     jshintConfig: { laxcomma: true },
94 silly resolved     readme: '[![Build Status](https://travis-ci.org/dlmanning/gulp-sass.svg?branch=master)](https://travis-ci.org/dlmanning/gulp-sass)\n\ngulp-sass\n=========\n\nSass plugin for [gulp](https://github.com/gulpjs/gulp).\n\n#Install\n\n```\nnpm install gulp-sass\n```\n\n#Basic Usage\n\nSomething like this:\n\n```javascript\nvar gulp = require(\'gulp\');\nvar sass = require(\'gulp-sass\');\n\ngulp.task(\'sass\', function () {\n\tgulp.src(\'./scss/*.scss\')\n\t\t.pipe(sass())\n\t\t.pipe(gulp.dest(\'./css\'));\n});\n```\n\nOptions passed as a hash into `sass()` will be passed along to [`node-sass`](https://github.com/sass/node-sass).\n\nIf you want to use the indented syntax (`.sass`) as the top level file, use `sass({indentedSyntax: true})`.\n\n## gulp-sass specific options\n\n#### `errLogToConsole: true`\n\nIf you pass `errLogToConsole: true` into the options hash, sass errors will be logged to the console instead of generating a `gutil.PluginError` object. Use this option with `gulp.watch` to keep gulp from stopping every time you mess up your sass.\n\n#### `onSuccess: callback`\n\nPass in your own callback to be called upon successful compilation by node-sass. The callback has the form `callback(css)`, and is passed the compiled css as a string. Note: This *does not* prevent gulp-sass\'s default behavior of writing the output css file.\n\n#### `onError: callback`\n\nPass in your own callback to be called upon a sass error from node-sass. The callback has the form `callback(err)`, where err is the error string generated by libsass. Note: this *does* prevent an actual `gulpPluginError` object from being created.\n\n#### `sync: true`\n\nIf you pass `sync: true` into the options hash, sass.renderSync will be called, instead of sass.render. This should help when memory and/or cpu usage is getting very high when rendering many and/or big files.\n\n## Source Maps\n\ngulp-sass can be used in tandem with [gulp-sourcemaps](https://github.com/floridoo/gulp-sourcemaps) to generate source maps for the SASS to CSS compilation. You will need to initialize [gulp-sourcemaps](https://github.com/floridoo/gulp-sourcemaps) prior to running the gulp-sass compiler and write the source maps after.\n\n```javascript\nvar sourcemaps = require(\'gulp-sourcemaps\');\n\ngulp.src(\'./scss/*.scss\')\n  .pipe(sourcemaps.init())\n    .pipe(sass())\n  .pipe(sourcemaps.write())\n  .pipe(gulp.dest(\'./css\');\n\n// will write the source maps inline in the compiled CSS files\n```\n\nBy default, [gulp-sourcemaps](https://github.com/floridoo/gulp-sourcemaps) writes the source maps inline in the compiled CSS files. To write them to a separate file, specify a relative file path in the `sourcemaps.write()` function.\n\n```javascript\nvar sourcemaps = require(\'gulp-sourcemaps\');\n\ngulp.src(\'./scss/*.scss\')\n  .pipe(sourcemaps.init())\n    .pipe(sass())\n  .pipe(sourcemaps.write(\'./maps\'))\n  .pipe(gulp.dest(\'./css\'));\n\n// will write the source maps to ./dest/css/maps\n```\n\n#Imports and Partials\n\ngulp-sass now automatically passes along the directory of every scss file it parses as an include path for node-sass. This means that as long as you specify your includes relative to path of your scss file, everything will just work.\n\nscss/includes/_settings.scss:\n\n```scss\n$blue: #3bbfce;\n$margin: 16px;\n```\n\nscss/style.scss:\n\n```scss\n@import "includes/settings";\n\n.content-navigation {\n  border-color: $blue;\n  color:\n    darken($blue, 9%);\n}\n\n.border {\n  padding: $margin / 2;\n  margin: $margin / 2;\n  border-color: $blue;\n}\n```\n\n#Issues\n\nBefore submitting an issue, please understand that gulp-sass is only a wrapper for [node-sass](https://github.com/sass/node-sass), which in turn is a node front end for [libsass](https://github.com/sass/libsass). Missing sass features and errors should not be reported here.\n',
94 silly resolved     readmeFilename: 'README.md',
94 silly resolved     _id: 'gulp-sass@1.3.3',
94 silly resolved     dist: { shasum: '7b17a58e02c1a2006de4ca8fce1a61ea4e540b86' },
94 silly resolved     _from: 'gulp-sass@',
94 silly resolved     _resolved: 'https://registry.npmjs.org/gulp-sass/-/gulp-sass-1.3.3.tgz' } ]
95 info install gulp-sass@1.3.3 into /usr/local/lib
96 info installOne gulp-sass@1.3.3
97 info /usr/local/lib/node_modules/gulp-sass unbuild
98 verbose tar unpack /home/klante/.npm/gulp-sass/1.3.3/package.tgz
99 silly lockFile 2cf2f31b-local-lib-node-modules-gulp-sass tar:///usr/local/lib/node_modules/gulp-sass
100 verbose lock tar:///usr/local/lib/node_modules/gulp-sass /home/klante/.npm/2cf2f31b-local-lib-node-modules-gulp-sass.lock
101 silly lockFile a9e27b67--npm-gulp-sass-1-3-3-package-tgz tar:///home/klante/.npm/gulp-sass/1.3.3/package.tgz
102 verbose lock tar:///home/klante/.npm/gulp-sass/1.3.3/package.tgz /home/klante/.npm/a9e27b67--npm-gulp-sass-1-3-3-package-tgz.lock
103 silly gunzTarPerm modes [ '755', '644' ]
104 error Error: EACCES, mkdir '/usr/local/lib/node_modules/gulp-sass'
104 error  { [Error: EACCES, mkdir '/usr/local/lib/node_modules/gulp-sass']
104 error   errno: 3,
104 error   code: 'EACCES',
104 error   path: '/usr/local/lib/node_modules/gulp-sass',
104 error   fstream_type: 'Directory',
104 error   fstream_path: '/usr/local/lib/node_modules/gulp-sass',
104 error   fstream_class: 'DirWriter',
104 error   fstream_stack:
104 error    [ '/usr/lib/nodejs/fstream/lib/dir-writer.js:36:23',
104 error      '/usr/lib/nodejs/mkdirp/index.js:37:53',
104 error      'Object.oncomplete (fs.js:107:15)' ] }
105 error Please try running this command again as root/Administrator.
106 error System Linux 3.13.0-45-generic
107 error command "/usr/bin/nodejs" "/usr/bin/npm" "install" "-g" "gulp-sass"
108 error cwd /home/klante/git/litheKarlekApp
109 error node -v v0.10.25
110 error npm -v 1.3.10
111 error path /usr/local/lib/node_modules/gulp-sass
112 error fstream_path /usr/local/lib/node_modules/gulp-sass
113 error fstream_type Directory
114 error fstream_class DirWriter
115 error code EACCES
116 error errno 3
117 error stack Error: EACCES, mkdir '/usr/local/lib/node_modules/gulp-sass'
118 error fstream_stack /usr/lib/nodejs/fstream/lib/dir-writer.js:36:23
118 error fstream_stack /usr/lib/nodejs/mkdirp/index.js:37:53
118 error fstream_stack Object.oncomplete (fs.js:107:15)
119 verbose exit [ 3, true ]
